{"contracts/Blacklist.sol":{"l":{"16":50,"20":0,"21":0,"22":0,"23":0,"27":0,"28":0,"29":0,"33":0},"path":"/Users/antonioalfonso/work/masterzdev/homework1/contracts/Blacklist.sol","s":{"1":50,"2":0,"3":0,"4":0,"5":0,"6":0,"7":0,"8":0,"9":0},"b":{"1":[0,0],"2":[0,0],"3":[0,0]},"f":{"1":30,"2":50,"3":0,"4":0,"5":0},"fnMap":{"1":{"name":"constructor","line":13,"loc":{"start":{"line":13,"column":2},"end":{"line":13,"column":18}}},"2":{"name":"has","line":15,"loc":{"start":{"line":15,"column":2},"end":{"line":17,"column":2}}},"3":{"name":"add","line":19,"loc":{"start":{"line":19,"column":2},"end":{"line":24,"column":2}}},"4":{"name":"remove","line":26,"loc":{"start":{"line":26,"column":2},"end":{"line":30,"column":2}}},"5":{"name":"lenght","line":32,"loc":{"start":{"line":32,"column":2},"end":{"line":34,"column":2}}}},"statementMap":{"1":{"start":{"line":16,"column":4},"end":{"line":16,"column":26}},"2":{"start":{"line":20,"column":4},"end":{"line":20,"column":55}},"3":{"start":{"line":21,"column":4},"end":{"line":21,"column":70}},"4":{"start":{"line":22,"column":4},"end":{"line":22,"column":25}},"5":{"start":{"line":23,"column":4},"end":{"line":23,"column":21}},"6":{"start":{"line":27,"column":4},"end":{"line":27,"column":46}},"7":{"start":{"line":28,"column":4},"end":{"line":28,"column":26}},"8":{"start":{"line":29,"column":4},"end":{"line":29,"column":21}},"9":{"start":{"line":33,"column":4},"end":{"line":33,"column":24}}},"branchMap":{"1":{"line":20,"type":"if","locations":[{"start":{"line":20,"column":4},"end":{"line":20,"column":4}},{"start":{"line":20,"column":4},"end":{"line":20,"column":4}}]},"2":{"line":21,"type":"if","locations":[{"start":{"line":21,"column":4},"end":{"line":21,"column":4}},{"start":{"line":21,"column":4},"end":{"line":21,"column":4}}]},"3":{"line":27,"type":"if","locations":[{"start":{"line":27,"column":4},"end":{"line":27,"column":4}},{"start":{"line":27,"column":4},"end":{"line":27,"column":4}}]}}},"contracts/interfaces/IBlacklist.sol":{"l":{},"path":"/Users/antonioalfonso/work/masterzdev/homework1/contracts/interfaces/IBlacklist.sol","s":{},"b":{},"f":{},"fnMap":{},"statementMap":{},"branchMap":{}},"contracts/interfaces/IWhitelist.sol":{"l":{},"path":"/Users/antonioalfonso/work/masterzdev/homework1/contracts/interfaces/IWhitelist.sol","s":{},"b":{},"f":{},"fnMap":{},"statementMap":{},"branchMap":{}},"contracts/Token.sol":{"l":{"23":30,"24":30,"26":30,"27":30,"29":30,"33":50,"34":50,"35":50,"37":50,"41":1,"42":1,"46":1,"47":1,"51":1,"55":1},"path":"/Users/antonioalfonso/work/masterzdev/homework1/contracts/Token.sol","s":{"1":30,"2":30,"3":30,"4":30,"5":30,"6":50,"7":50,"8":50,"9":50,"10":1,"11":1,"12":1,"13":1,"14":1,"15":1},"b":{"1":[30,0],"2":[30,0],"3":[50,0],"4":[50,0],"5":[50,0],"6":[1,0],"7":[1,0]},"f":{"1":30,"2":50,"3":1,"4":1,"5":1,"6":1},"fnMap":{"1":{"name":"constructor","line":22,"loc":{"start":{"line":16,"column":2},"end":{"line":30,"column":2}}},"2":{"name":"_beforeTokenTransfer","line":32,"loc":{"start":{"line":32,"column":2},"end":{"line":38,"column":2}}},"3":{"name":"setWhitelistContract","line":40,"loc":{"start":{"line":40,"column":2},"end":{"line":43,"column":2}}},"4":{"name":"setBlacklistContract","line":45,"loc":{"start":{"line":45,"column":2},"end":{"line":48,"column":2}}},"5":{"name":"getWhitelistContract","line":50,"loc":{"start":{"line":50,"column":2},"end":{"line":52,"column":2}}},"6":{"name":"getBlacklistContract","line":54,"loc":{"start":{"line":54,"column":2},"end":{"line":56,"column":2}}}},"statementMap":{"1":{"start":{"line":23,"column":4},"end":{"line":23,"column":66}},"2":{"start":{"line":24,"column":4},"end":{"line":24,"column":39}},"3":{"start":{"line":26,"column":4},"end":{"line":26,"column":66}},"4":{"start":{"line":27,"column":4},"end":{"line":27,"column":39}},"5":{"start":{"line":29,"column":4},"end":{"line":29,"column":49}},"6":{"start":{"line":33,"column":4},"end":{"line":33,"column":69}},"7":{"start":{"line":34,"column":4},"end":{"line":34,"column":91}},"8":{"start":{"line":35,"column":4},"end":{"line":35,"column":92}},"9":{"start":{"line":37,"column":4},"end":{"line":37,"column":47}},"10":{"start":{"line":41,"column":4},"end":{"line":41,"column":64}},"11":{"start":{"line":42,"column":4},"end":{"line":42,"column":37}},"12":{"start":{"line":46,"column":4},"end":{"line":46,"column":64}},"13":{"start":{"line":47,"column":4},"end":{"line":47,"column":37}},"14":{"start":{"line":51,"column":4},"end":{"line":51,"column":27}},"15":{"start":{"line":55,"column":4},"end":{"line":55,"column":27}}},"branchMap":{"1":{"line":23,"type":"if","locations":[{"start":{"line":23,"column":4},"end":{"line":23,"column":4}},{"start":{"line":23,"column":4},"end":{"line":23,"column":4}}]},"2":{"line":26,"type":"if","locations":[{"start":{"line":26,"column":4},"end":{"line":26,"column":4}},{"start":{"line":26,"column":4},"end":{"line":26,"column":4}}]},"3":{"line":33,"type":"if","locations":[{"start":{"line":33,"column":4},"end":{"line":33,"column":4}},{"start":{"line":33,"column":4},"end":{"line":33,"column":4}}]},"4":{"line":34,"type":"if","locations":[{"start":{"line":34,"column":4},"end":{"line":34,"column":4}},{"start":{"line":34,"column":4},"end":{"line":34,"column":4}}]},"5":{"line":35,"type":"if","locations":[{"start":{"line":35,"column":4},"end":{"line":35,"column":4}},{"start":{"line":35,"column":4},"end":{"line":35,"column":4}}]},"6":{"line":41,"type":"if","locations":[{"start":{"line":41,"column":4},"end":{"line":41,"column":4}},{"start":{"line":41,"column":4},"end":{"line":41,"column":4}}]},"7":{"line":46,"type":"if","locations":[{"start":{"line":46,"column":4},"end":{"line":46,"column":4}},{"start":{"line":46,"column":4},"end":{"line":46,"column":4}}]}}},"contracts/Whitelist.sol":{"l":{"14":30,"18":50,"22":86,"23":86,"24":86,"28":0,"29":0,"30":0,"34":0},"path":"/Users/antonioalfonso/work/masterzdev/homework1/contracts/Whitelist.sol","s":{"1":30,"2":50,"3":86,"4":86,"5":86,"6":0,"7":0,"8":0,"9":0},"b":{"1":[86,0],"2":[0,0]},"f":{"1":30,"2":50,"3":86,"4":0,"5":0},"fnMap":{"1":{"name":"constructor","line":13,"loc":{"start":{"line":13,"column":2},"end":{"line":15,"column":2}}},"2":{"name":"has","line":17,"loc":{"start":{"line":17,"column":2},"end":{"line":19,"column":2}}},"3":{"name":"add","line":21,"loc":{"start":{"line":21,"column":2},"end":{"line":25,"column":2}}},"4":{"name":"remove","line":27,"loc":{"start":{"line":27,"column":2},"end":{"line":31,"column":2}}},"5":{"name":"lenght","line":33,"loc":{"start":{"line":33,"column":2},"end":{"line":35,"column":2}}}},"statementMap":{"1":{"start":{"line":14,"column":4},"end":{"line":14,"column":18}},"2":{"start":{"line":18,"column":4},"end":{"line":18,"column":26}},"3":{"start":{"line":22,"column":4},"end":{"line":22,"column":55}},"4":{"start":{"line":23,"column":4},"end":{"line":23,"column":25}},"5":{"start":{"line":24,"column":4},"end":{"line":24,"column":21}},"6":{"start":{"line":28,"column":4},"end":{"line":28,"column":46}},"7":{"start":{"line":29,"column":4},"end":{"line":29,"column":26}},"8":{"start":{"line":30,"column":4},"end":{"line":30,"column":21}},"9":{"start":{"line":34,"column":4},"end":{"line":34,"column":24}}},"branchMap":{"1":{"line":22,"type":"if","locations":[{"start":{"line":22,"column":4},"end":{"line":22,"column":4}},{"start":{"line":22,"column":4},"end":{"line":22,"column":4}}]},"2":{"line":28,"type":"if","locations":[{"start":{"line":28,"column":4},"end":{"line":28,"column":4}},{"start":{"line":28,"column":4},"end":{"line":28,"column":4}}]}}}}